<?xml version="1.0" encoding="UTF-8"?>
<coverage generated="1618834664962" clover="3.2.0">
  <project timestamp="1618834664963" name="All files">
    <metrics statements="9" coveredstatements="9" conditionals="0" coveredconditionals="0" methods="0" coveredmethods="0" elements="9" coveredelements="9" complexity="0" loc="9" ncloc="9" packages="1" files="3" classes="3"/>
    <file name="AddRequestModel.js" path="D:\SawariApatkalinSewa_backend\models\AddRequestModel.js">
      <metrics statements="3" coveredstatements="3" conditionals="0" coveredconditionals="0" methods="0" coveredmethods="0"/>
      <line num="1" count="1" type="stmt"/>
      <line num="2" count="1" type="stmt"/>
      <line num="28" count="1" type="stmt"/>
    </file>
    <file name="businessModel.js" path="D:\SawariApatkalinSewa_backend\models\businessModel.js">
      <metrics statements="3" coveredstatements="3" conditionals="0" coveredconditionals="0" methods="0" coveredmethods="0"/>
      <line num="1" count="1" type="stmt"/>
      <line num="2" count="1" type="stmt"/>
      <line num="25" count="1" type="stmt"/>
    </file>
    <file name="client_model.js" path="D:\SawariApatkalinSewa_backend\models\client_model.js">
      <metrics statements="3" coveredstatements="3" conditionals="0" coveredconditionals="0" methods="0" coveredmethods="0"/>
      <line num="1" count="1" type="stmt"/>
      <line num="3" count="1" type="stmt"/>
      <line num="36" count="1" type="stmt"/>
    </file>
  </project>
</coverage>
