{"D:\\SawariApatkalinSewa_backend\\models\\AddRequestModel.js": {"path":"D:\\SawariApatkalinSewa_backend\\models\\AddRequestModel.js","statementMap":{"0":{"start":{"line":1,"column":16},"end":{"line":1,"column":35}},"1":{"start":{"line":2,"column":18},"end":{"line":27,"column":2}},"2":{"start":{"line":28,"column":0},"end":{"line":28,"column":26}}},"fnMap":{},"branchMap":{},"s":{"0":1,"1":1,"2":1},"f":{},"b":{},"_coverageSchema":"1a1c01bbd47fc00a2c39e90264f33305004495a9","hash":"49d39e4746ba6c8a91fa2e700b435a7b95af537d"}
,"D:\\SawariApatkalinSewa_backend\\models\\businessModel.js": {"path":"D:\\SawariApatkalinSewa_backend\\models\\businessModel.js","statementMap":{"0":{"start":{"line":1,"column":16},"end":{"line":1,"column":35}},"1":{"start":{"line":2,"column":16},"end":{"line":24,"column":2}},"2":{"start":{"line":25,"column":0},"end":{"line":25,"column":24}}},"fnMap":{},"branchMap":{},"s":{"0":1,"1":1,"2":1},"f":{},"b":{},"_coverageSchema":"1a1c01bbd47fc00a2c39e90264f33305004495a9","hash":"22d72145f5289ca847c919a1aa2e2633addc009f"}
,"D:\\SawariApatkalinSewa_backend\\models\\client_model.js": {"path":"D:\\SawariApatkalinSewa_backend\\models\\client_model.js","statementMap":{"0":{"start":{"line":1,"column":16},"end":{"line":1,"column":35}},"1":{"start":{"line":3,"column":14},"end":{"line":34,"column":2}},"2":{"start":{"line":36,"column":0},"end":{"line":36,"column":47}}},"fnMap":{},"branchMap":{},"s":{"0":1,"1":1,"2":1},"f":{},"b":{},"_coverageSchema":"1a1c01bbd47fc00a2c39e90264f33305004495a9","hash":"d6f1c8a5bc5fd1114751e06e0f77aa265b3ea3d8"}
}
